

================================================================
== Vivado HLS Report for 'bnn_xcel'
================================================================
* Date:           Thu Oct 20 15:43:23 2022

* Version:        2019.2.1 (Build 2724168 on Thu Dec 05 05:19:09 MST 2019)
* Project:        bnn.prj
* Solution:       solution1
* Product family: zynq
* Target device:  xc7z020-clg484-1


================================================================
== Performance Estimates
================================================================
+ Timing: 
    * Summary: 
    +--------+----------+-----------+------------+
    |  Clock |  Target  | Estimated | Uncertainty|
    +--------+----------+-----------+------------+
    |ap_clk  | 10.00 ns | 11.313 ns |   1.25 ns  |
    +--------+----------+-----------+------------+

+ Latency: 
    * Summary: 
    +---------+----------+-----------+-----------+---------+----------+---------+
    |  Latency (cycles)  |   Latency (absolute)  |      Interval      | Pipeline|
    |   min   |    max   |    min    |    max    |   min   |    max   |   Type  |
    +---------+----------+-----------+-----------+---------+----------+---------+
    |  1855597|  11108489| 20.993 ms | 0.126 sec |  1855597|  11108489|   none  |
    +---------+----------+-----------+-----------+---------+----------+---------+

    + Detail: 
        * Instance: 
        +---------------------+----------+---------+---------+-----------+-----------+-------+---------+---------+
        |                     |          |  Latency (cycles) |   Latency (absolute)  |     Interval    | Pipeline|
        |       Instance      |  Module  |   min   |   max   |    min    |    max    |  min  |   max   |   Type  |
        +---------------------+----------+---------+---------+-----------+-----------+-------+---------+---------+
        |grp_conv_fu_320      |conv      |    40225|  4621377|  0.455 ms | 52.284 ms |  40225|  4621377|   none  |
        |grp_max_pool_fu_345  |max_pool  |     9954|    42626|  0.113 ms |  0.482 ms |   9954|    42626|   none  |
        |grp_pad_fu_357       |pad       |     5396|    18018| 61.048 us |  0.204 ms |   5396|    18018|   none  |
        |grp_reshape_fu_371   |reshape   |     1345|     1345| 15.217 us | 15.217 us |   1345|     1345|   none  |
        +---------------------+----------+---------+---------+-----------+-----------+-------+---------+---------+

        * Loop: 
        +-------------+---------+---------+----------+-----------+-----------+------+----------+
        |             |  Latency (cycles) | Iteration|  Initiation Interval  | Trip |          |
        |  Loop Name  |   min   |   max   |  Latency |  achieved |   target  | Count| Pipelined|
        +-------------+---------+---------+----------+-----------+-----------+------+----------+
        |- Loop 1     |  1709568|  1709568|      6678|          -|          -|   256|    no    |
        | + Loop 1.1  |     6656|     6656|        13|          -|          -|   512|    no    |
        |- Loop 2     |    33500|    33500|      3350|          -|          -|    10|    no    |
        | + Loop 2.1  |     3328|     3328|        13|          -|          -|   256|    no    |
        |- Loop 3     |       18|       18|         2|          -|          -|     9|    no    |
        +-------------+---------+---------+----------+-----------+-----------+------+----------+



================================================================
== Utilization Estimates
================================================================
* Summary: 
+-----------------+---------+-------+--------+-------+-----+
|       Name      | BRAM_18K| DSP48E|   FF   |  LUT  | URAM|
+-----------------+---------+-------+--------+-------+-----+
|DSP              |        -|      -|       -|      -|    -|
|Expression       |        -|      -|       0|    348|    -|
|FIFO             |        -|      -|       -|      -|    -|
|Instance         |        2|     11|    1517|   3132|    -|
|Memory           |       20|      -|      32|      5|    0|
|Multiplexer      |        -|      -|       -|   1095|    -|
|Register         |        -|      -|     548|      -|    -|
+-----------------+---------+-------+--------+-------+-----+
|Total            |       22|     11|    2097|   4580|    0|
+-----------------+---------+-------+--------+-------+-----+
|Available        |      280|    220|  106400|  53200|    0|
+-----------------+---------+-------+--------+-------+-----+
|Utilization (%)  |        7|      5|       1|      8|    0|
+-----------------+---------+-------+--------+-------+-----+

+ Detail: 
    * Instance: 
    +--------------------------+----------------------+---------+-------+-----+-----+-----+
    |         Instance         |        Module        | BRAM_18K| DSP48E|  FF | LUT | URAM|
    +--------------------------+----------------------+---------+-------+-----+-----+-----+
    |grp_conv_fu_320           |conv                  |        2|      2|  420|  767|    0|
    |dut_fadd_32ns_32nibs_U31  |dut_fadd_32ns_32nibs  |        0|      2|  205|  390|    0|
    |dut_fcmp_32ns_32nlbW_U34  |dut_fcmp_32ns_32nlbW  |        0|      0|   66|  239|    0|
    |dut_fmul_32ns_32njbC_U32  |dut_fmul_32ns_32njbC  |        0|      3|  143|  321|    0|
    |dut_sitofp_32ns_3kbM_U33  |dut_sitofp_32ns_3kbM  |        0|      0|  340|  554|    0|
    |grp_max_pool_fu_345       |max_pool              |        0|      2|  142|  389|    0|
    |grp_pad_fu_357            |pad                   |        0|      2|  153|  301|    0|
    |grp_reshape_fu_371        |reshape               |        0|      0|   48|  171|    0|
    +--------------------------+----------------------+---------+-------+-----+-----+-----+
    |Total                     |                      |        2|     11| 1517| 3132|    0|
    +--------------------------+----------------------+---------+-------+-----+-----+-----+

    * DSP48E: 
    N/A

    * Memory: 
    +----------------+----------------------+---------+----+----+-----+--------+-----+------+-------------+
    |     Memory     |        Module        | BRAM_18K| FF | LUT| URAM|  Words | Bits| Banks| W*Bits*Banks|
    +----------------+----------------------+---------+----+----+-----+--------+-----+------+-------------+
    |b_fc1_U         |bnn_xcel_b_fc1        |        1|   0|   0|    0|     256|   32|     1|         8192|
    |b_fc2_U         |bnn_xcel_b_fc2        |        0|  32|   5|    0|      10|   32|     1|          320|
    |mem_conv1_U     |bnn_xcel_mem_conv1    |        1|   0|   0|    0|    5184|    1|     1|         5184|
    |mem_conv2_U     |bnn_xcel_mem_conv1    |        1|   0|   0|    0|    5184|    1|     1|         5184|
    |threshold1_V_U  |bnn_xcel_thresholg8j  |        4|   0|   0|    0|    5184|    8|     1|        41472|
    |threshold2_V_U  |bnn_xcel_thresholhbi  |        4|   0|   0|    0|    5184|    8|     1|        41472|
    |w_fc1_U         |bnn_xcel_w_fc1        |        8|   0|   0|    0|  131072|    1|     1|       131072|
    |w_fc2_U         |bnn_xcel_w_fc2        |        1|   0|   0|    0|    2560|    1|     1|         2560|
    +----------------+----------------------+---------+----+----+-----+--------+-----+------+-------------+
    |Total           |                      |       20|  32|   5|    0|  154634|   84|     8|       235456|
    +----------------+----------------------+---------+----+----+-----+--------+-----+------+-------------+

    * FIFO: 
    N/A

    * Expression: 
    +------------------------+----------+-------+---+----+------------+------------+
    |      Variable Name     | Operation| DSP48E| FF| LUT| Bitwidth P0| Bitwidth P1|
    +------------------------+----------+-------+---+----+------------+------------+
    |add_ln160_fu_595_p2     |     +    |      0|  0|  14|          10|          10|
    |i_fu_748_p2             |     +    |      0|  0|  13|           4|           1|
    |m_1_fu_563_p2           |     +    |      0|  0|  15|           9|           1|
    |m_fu_447_p2             |     +    |      0|  0|  14|          10|           1|
    |n_1_fu_551_p2           |     +    |      0|  0|  13|           4|           1|
    |n_fu_435_p2             |     +    |      0|  0|  15|           9|           1|
    |w_index_1_fu_604_p2     |     +    |      0|  0|  12|          12|          12|
    |w_index_fu_465_p2       |     +    |      0|  0|  24|          17|          17|
    |and_ln165_fu_535_p2     |    and   |      0|  0|   2|           1|           1|
    |and_ln167_1_fu_719_p2   |    and   |      0|  0|   2|           1|           1|
    |and_ln167_fu_713_p2     |    and   |      0|  0|   2|           1|           1|
    |icmp_ln157_1_fu_545_p2  |   icmp   |      0|  0|   9|           4|           4|
    |icmp_ln157_fu_429_p2    |   icmp   |      0|  0|  13|           9|          10|
    |icmp_ln159_1_fu_557_p2  |   icmp   |      0|  0|  13|           9|          10|
    |icmp_ln159_fu_441_p2    |   icmp   |      0|  0|  13|          10|          11|
    |icmp_ln165_1_fu_525_p2  |   icmp   |      0|  0|  18|          23|           1|
    |icmp_ln165_fu_519_p2    |   icmp   |      0|  0|  11|           8|           2|
    |icmp_ln167_1_fu_683_p2  |   icmp   |      0|  0|  18|          23|           1|
    |icmp_ln167_2_fu_695_p2  |   icmp   |      0|  0|  11|           8|           2|
    |icmp_ln167_3_fu_701_p2  |   icmp   |      0|  0|  18|          23|           1|
    |icmp_ln167_fu_677_p2    |   icmp   |      0|  0|  11|           8|           2|
    |icmp_ln70_fu_737_p2     |   icmp   |      0|  0|   9|           4|           4|
    |or_ln165_fu_531_p2      |    or    |      0|  0|   2|           1|           1|
    |or_ln167_1_fu_707_p2    |    or    |      0|  0|   2|           1|           1|
    |or_ln167_fu_689_p2      |    or    |      0|  0|   2|           1|           1|
    |max_fu_725_p3           |  select  |      0|  0|  32|           1|          32|
    |select_ln71_fu_754_p3   |  select  |      0|  0|  32|           1|          32|
    |xor_ln161_1_fu_486_p2   |    xor   |      0|  0|   2|           1|           1|
    |xor_ln161_2_fu_620_p2   |    xor   |      0|  0|   2|           1|           2|
    |xor_ln161_3_fu_626_p2   |    xor   |      0|  0|   2|           1|           1|
    |xor_ln161_fu_480_p2     |    xor   |      0|  0|   2|           1|           2|
    +------------------------+----------+-------+---+----+------------+------------+
    |Total                   |          |      0|  0| 348|         216|         168|
    +------------------------+----------+-------+---+----+------------+------------+

    * Multiplexer: 
    +--------------------------------+-----+-----------+-----+-----------+
    |              Name              | LUT | Input Size| Bits| Total Bits|
    +--------------------------------+-----+-----------+-----+-----------+
    |agg_result_V_0_reg_297          |    9|          2|   32|         64|
    |ap_NS_fsm                       |  373|         85|    1|         85|
    |ap_return                       |    9|          2|   32|         64|
    |grp_conv_fu_320_I               |   15|          3|    6|         18|
    |grp_conv_fu_320_L               |   15|          3|    1|          3|
    |grp_conv_fu_320_M               |   15|          3|    7|         21|
    |grp_conv_fu_320_N               |   15|          3|    7|         21|
    |grp_conv_fu_320_input_r_q0      |   15|          3|    1|          3|
    |grp_conv_fu_320_threshold_V_q0  |   15|          3|    8|         24|
    |grp_fu_377_p0                   |   21|          4|   32|        128|
    |grp_fu_377_p1                   |   33|          6|   32|        192|
    |grp_fu_385_p0                   |   21|          4|   32|        128|
    |grp_fu_385_p1                   |   21|          4|   32|        128|
    |grp_fu_394_p0                   |   15|          3|   32|         96|
    |grp_fu_397_p1                   |   15|          3|   32|         96|
    |grp_max_pool_fu_345_I           |   15|          3|    6|         18|
    |grp_max_pool_fu_345_M           |   15|          3|    7|         21|
    |grp_max_pool_fu_345_input_r_q0  |   15|          3|    1|          3|
    |grp_pad_fu_357_I                |   15|          3|    6|         18|
    |grp_pad_fu_357_M                |   15|          3|    7|         21|
    |grp_pad_fu_357_input_r_q0       |   15|          3|    1|          3|
    |input_r_ce0                     |    9|          2|    1|          2|
    |m_0_i3_reg_286                  |    9|          2|    9|         18|
    |m_0_i_reg_239                   |    9|          2|   10|         20|
    |max_0_i_reg_250                 |    9|          2|   32|         64|
    |max_id_V_reg_309                |    9|          2|    4|          8|
    |mem_conv1_address0              |   50|         11|   13|        143|
    |mem_conv1_ce0                   |   44|          9|    1|          9|
    |mem_conv1_d0                    |   33|          6|    1|          6|
    |mem_conv1_we0                   |   33|          6|    1|          6|
    |mem_conv2_address0              |   44|          9|   13|        117|
    |mem_conv2_ce0                   |   41|          8|    1|          8|
    |mem_conv2_d0                    |   27|          5|    1|          5|
    |mem_conv2_we0                   |   27|          5|    1|          5|
    |n_0_i1_reg_262                  |    9|          2|    4|          8|
    |n_0_i_reg_215                   |    9|          2|    9|         18|
    |one_out_0_i2_reg_274            |    9|          2|   32|         64|
    |one_out_0_i_reg_227             |    9|          2|   32|         64|
    |threshold1_V_ce0                |    9|          2|    1|          2|
    |threshold2_V_ce0                |    9|          2|    1|          2|
    +--------------------------------+-----+-----------+-----+-----------+
    |Total                           | 1095|        230|  482|       1724|
    +--------------------------------+-----+-----------+-----+-----------+

    * Register: 
    +----------------------------------+----+----+-----+-----------+
    |               Name               | FF | LUT| Bits| Const Bits|
    +----------------------------------+----+----+-----+-----------+
    |agg_result_V_0_reg_297            |  32|   0|   32|          0|
    |and_ln165_reg_827                 |   1|   0|    1|          0|
    |and_ln167_1_reg_888               |   1|   0|    1|          0|
    |ap_CS_fsm                         |  84|   0|   84|          0|
    |ap_return_preg                    |  32|   0|   32|          0|
    |b_fc1_load_reg_812                |  32|   0|   32|          0|
    |b_fc2_load_reg_883                |  32|   0|   32|          0|
    |grp_conv_fu_320_ap_start_reg      |   1|   0|    1|          0|
    |grp_max_pool_fu_345_ap_start_reg  |   1|   0|    1|          0|
    |grp_pad_fu_357_ap_start_reg       |   1|   0|    1|          0|
    |grp_reshape_fu_371_ap_start_reg   |   1|   0|    1|          0|
    |i_reg_911                         |   4|   0|    4|          0|
    |icmp_ln165_1_reg_822              |   1|   0|    1|          0|
    |icmp_ln165_reg_817                |   1|   0|    1|          0|
    |m_0_i3_reg_286                    |   9|   0|    9|          0|
    |m_0_i_reg_239                     |  10|   0|   10|          0|
    |m_1_reg_848                       |   9|   0|    9|          0|
    |m_reg_777                         |  10|   0|   10|          0|
    |max_0_i_reg_250                   |  32|   0|   32|          0|
    |max_id_V_reg_309                  |   4|   0|    4|          0|
    |max_reg_893                       |  32|   0|   32|          0|
    |n_0_i1_cast11_reg_832             |   4|   0|   10|          6|
    |n_0_i1_reg_262                    |   4|   0|    4|          0|
    |n_0_i_cast13_reg_761              |   9|   0|   17|          8|
    |n_0_i_reg_215                     |   9|   0|    9|          0|
    |n_1_reg_840                       |   4|   0|    4|          0|
    |n_reg_769                         |   9|   0|    9|          0|
    |one_out_0_i2_reg_274              |  32|   0|   32|          0|
    |one_out_0_i_reg_227               |  32|   0|   32|          0|
    |reg_403                           |  32|   0|   32|          0|
    |reg_414                           |  32|   0|   32|          0|
    |reg_419                           |  32|   0|   32|          0|
    |xor_ln161_1_reg_792               |   1|   0|    1|          0|
    |xor_ln161_3_reg_863               |   1|   0|    1|          0|
    |zext_ln164_1_reg_873              |   4|   0|   64|         60|
    |zext_ln164_reg_802                |   9|   0|   64|         55|
    |zext_ln321_reg_898                |   4|   0|   32|         28|
    +----------------------------------+----+----+-----+-----------+
    |Total                             | 548|   0|  705|        157|
    +----------------------------------+----+----+-----+-----------+



================================================================
== Interface
================================================================
* Summary: 
+------------------+-----+-----+------------+--------------+--------------+
|     RTL Ports    | Dir | Bits|  Protocol  | Source Object|    C Type    |
+------------------+-----+-----+------------+--------------+--------------+
|ap_clk            |  in |    1| ap_ctrl_hs |   bnn_xcel   | return value |
|ap_rst            |  in |    1| ap_ctrl_hs |   bnn_xcel   | return value |
|ap_start          |  in |    1| ap_ctrl_hs |   bnn_xcel   | return value |
|ap_done           | out |    1| ap_ctrl_hs |   bnn_xcel   | return value |
|ap_idle           | out |    1| ap_ctrl_hs |   bnn_xcel   | return value |
|ap_ready          | out |    1| ap_ctrl_hs |   bnn_xcel   | return value |
|ap_return         | out |   32| ap_ctrl_hs |   bnn_xcel   | return value |
|input_r_address0  | out |   13|  ap_memory |    input_r   |     array    |
|input_r_ce0       | out |    1|  ap_memory |    input_r   |     array    |
|input_r_q0        |  in |    1|  ap_memory |    input_r   |     array    |
+------------------+-----+-----+------------+--------------+--------------+

