

================================================================
== Vivado HLS Report for 'conv'
================================================================
* Date:           Thu Oct 20 15:43:21 2022

* Version:        2019.2.1 (Build 2724168 on Thu Dec 05 05:19:09 MST 2019)
* Project:        bnn.prj
* Solution:       solution1
* Product family: zynq
* Target device:  xc7z020-clg484-1


================================================================
== Performance Estimates
================================================================
+ Timing: 
    * Summary: 
    +--------+----------+----------+------------+
    |  Clock |  Target  | Estimated| Uncertainty|
    +--------+----------+----------+------------+
    |ap_clk  | 10.00 ns | 9.634 ns |   1.25 ns  |
    +--------+----------+----------+------------+

+ Latency: 
    * Summary: 
    +---------+---------+----------+-----------+-------+---------+---------+
    |  Latency (cycles) |  Latency (absolute)  |     Interval    | Pipeline|
    |   min   |   max   |    min   |    max    |  min  |   max   |   Type  |
    +---------+---------+----------+-----------+-------+---------+---------+
    |    40225|  4621377| 0.402 ms | 46.214 ms |  40225|  4621377|   none  |
    +---------+---------+----------+-----------+-------+---------+---------+

    + Detail: 
        * Instance: 
        N/A

        * Loop: 
        +-------------------+---------+---------+---------------+-----------+-----------+---------+----------+
        |                   |  Latency (cycles) |   Iteration   |  Initiation Interval  |   Trip  |          |
        |     Loop Name     |   min   |   max   |    Latency    |  achieved |   target  |  Count  | Pipelined|
        +-------------------+---------+---------+---------------+-----------+-----------+---------+----------+
        |- LOOP_N           |    40224|  4621376| 2514 ~ 144418 |          -|          -| 16 ~ 32 |    no    |
        | + LOOP_X          |     2512|   144416|   314 ~ 9026  |          -|          -|  8 ~ 16 |    no    |
        |  ++ LOOP_Y        |      312|     9024|    39 ~ 564   |          -|          -|  8 ~ 16 |    no    |
        |   +++ LOOP_M      |       35|      560|             35|          -|          -|  1 ~ 16 |    no    |
        |    ++++ LOOP_C    |       33|       33|             11|          -|          -|        3|    no    |
        |     +++++ LOOP_R  |        9|        9|              3|          -|          -|        3|    no    |
        +-------------------+---------+---------+---------------+-----------+-----------+---------+----------+



================================================================
== Utilization Estimates
================================================================
* Summary: 
+-----------------+---------+-------+--------+-------+-----+
|       Name      | BRAM_18K| DSP48E|   FF   |  LUT  | URAM|
+-----------------+---------+-------+--------+-------+-----+
|DSP              |        -|      2|       -|      -|    -|
|Expression       |        -|      0|       0|    597|    -|
|FIFO             |        -|      -|       -|      -|    -|
|Instance         |        -|      -|       -|      -|    -|
|Memory           |        2|      -|       0|      0|    -|
|Multiplexer      |        -|      -|       -|    170|    -|
|Register         |        -|      -|     420|      -|    -|
+-----------------+---------+-------+--------+-------+-----+
|Total            |        2|      2|     420|    767|    0|
+-----------------+---------+-------+--------+-------+-----+
|Available        |      280|    220|  106400|  53200|    0|
+-----------------+---------+-------+--------+-------+-----+
|Utilization (%)  |    ~0   |   ~0  |   ~0   |      1|    0|
+-----------------+---------+-------+--------+-------+-----+

+ Detail: 
    * Instance: 
    N/A

    * DSP48E: 
    +--------------------------+----------------------+--------------+
    |         Instance         |        Module        |  Expression  |
    +--------------------------+----------------------+--------------+
    |dut_mac_muladd_9ncud_U9   |dut_mac_muladd_9ncud  | i0 * i1 + i2 |
    |dut_mac_muladd_9ndEe_U10  |dut_mac_muladd_9ndEe  | i0 * i1 + i2 |
    +--------------------------+----------------------+--------------+

    * Memory: 
    +-----------+--------------+---------+---+----+-----+------+-----+------+-------------+
    |   Memory  |    Module    | BRAM_18K| FF| LUT| URAM| Words| Bits| Banks| W*Bits*Banks|
    +-----------+--------------+---------+---+----+-----+------+-----+------+-------------+
    |w_conv1_U  |conv_w_conv1  |        1|  0|   0|    0|  4608|    1|     1|         4608|
    |w_conv2_U  |conv_w_conv2  |        1|  0|   0|    0|  4608|    1|     1|         4608|
    +-----------+--------------+---------+---+----+-----+------+-----+------+-------------+
    |Total      |              |        2|  0|   0|    0|  9216|    2|     2|         9216|
    +-----------+--------------+---------+---+----+-----+------+-----+------+-------------+

    * FIFO: 
    N/A

    * Expression: 
    +-----------------------+----------+-------+---+----+------------+------------+
    |     Variable Name     | Operation| DSP48E| FF| LUT| Bitwidth P0| Bitwidth P1|
    +-----------------------+----------+-------+---+----+------------+------------+
    |mul_ln68_fu_389_p2     |     *    |      0|  0|  26|           6|           5|
    |O_fu_334_p2            |     +    |      0|  0|  15|           3|           5|
    |add_ln16_fu_348_p2     |     +    |      0|  0|  15|           2|           5|
    |add_ln74_1_fu_568_p2   |     +    |      0|  0|  15|           5|           5|
    |add_ln74_fu_509_p2     |     +    |      0|  0|  15|           5|           5|
    |add_ln76_1_fu_479_p2   |     +    |      0|  0|  17|          13|          13|
    |add_ln76_2_fu_625_p2   |     +    |      0|  0|   9|           5|           5|
    |add_ln76_3_fu_433_p2   |     +    |      0|  0|  15|           9|           9|
    |add_ln76_4_fu_438_p2   |     +    |      0|  0|  15|           9|           9|
    |add_ln76_fu_458_p2     |     +    |      0|  0|  15|           9|           9|
    |c_fu_503_p2            |     +    |      0|  0|  10|           2|           1|
    |m_fu_452_p2            |     +    |      0|  0|  15|           5|           1|
    |mac_num_fu_645_p2      |     +    |      0|  0|  39|          32|           1|
    |n_fu_383_p2            |     +    |      0|  0|  15|           6|           1|
    |one_out_fu_698_p2      |     +    |      0|  0|  39|          32|          32|
    |r_fu_562_p2            |     +    |      0|  0|  10|           2|           1|
    |sum_fu_542_p2          |     +    |      0|  0|   9|          32|          32|
    |tmp29_fu_424_p2        |     +    |      0|  0|  15|           9|           9|
    |tmp31_fu_602_p2        |     +    |      0|  0|   9|           9|           9|
    |tmp7_fu_596_p2         |     +    |      0|  0|   9|           9|           9|
    |w_index_fu_634_p2      |     +    |      0|  0|  19|          14|          14|
    |x_fu_403_p2            |     +    |      0|  0|  15|           5|           1|
    |y_fu_418_p2            |     +    |      0|  0|  15|           5|           1|
    |sub_ln76_fu_619_p2     |     -    |      0|  0|   9|           5|           5|
    |sub_ln83_fu_536_p2     |     -    |      0|  0|   9|          32|          32|
    |and_ln16_1_fu_590_p2   |    and   |      0|  0|   2|           1|           1|
    |and_ln16_fu_585_p2     |    and   |      0|  0|   2|           1|           1|
    |icmp_ln1494_fu_723_p2  |   icmp   |      0|  0|  21|          34|          34|
    |icmp_ln16_1_fu_525_p2  |   icmp   |      0|  0|  11|           5|           5|
    |icmp_ln16_2_fu_574_p2  |   icmp   |      0|  0|  11|           5|           1|
    |icmp_ln16_3_fu_580_p2  |   icmp   |      0|  0|  11|           5|           5|
    |icmp_ln16_fu_519_p2    |   icmp   |      0|  0|  11|           5|           1|
    |icmp_ln64_fu_378_p2    |   icmp   |      0|  0|  11|           7|           7|
    |icmp_ln65_fu_398_p2    |   icmp   |      0|  0|  11|           5|           5|
    |icmp_ln66_fu_413_p2    |   icmp   |      0|  0|  11|           5|           5|
    |icmp_ln69_fu_447_p2    |   icmp   |      0|  0|  11|           6|           6|
    |icmp_ln72_fu_497_p2    |   icmp   |      0|  0|   8|           2|           2|
    |icmp_ln73_fu_556_p2    |   icmp   |      0|  0|   8|           2|           2|
    |or_ln16_fu_657_p2      |    or    |      0|  0|   2|           1|           1|
    |mac_num_2_fu_662_p3    |  select  |      0|  0|  32|           1|          32|
    |one_out_2_fu_704_p3    |  select  |      0|  0|  32|           1|          32|
    |select_ln77_fu_677_p3  |  select  |      0|  0|   2|           1|           1|
    |xor_ln16_fu_651_p2     |    xor   |      0|  0|   2|           2|           1|
    |xor_ln78_1_fu_688_p2   |    xor   |      0|  0|   2|           1|           1|
    |xor_ln78_fu_682_p2     |    xor   |      0|  0|   2|           1|           2|
    +-----------------------+----------+-------+---+----+------------+------------+
    |Total                  |          |      0|  0| 597|         356|         364|
    +-----------------------+----------+-------+---+----+------------+------------+

    * Multiplexer: 
    +-------------------+----+-----------+-----+-----------+
    |        Name       | LUT| Input Size| Bits| Total Bits|
    +-------------------+----+-----------+-----+-----------+
    |ap_NS_fsm          |  53|         12|    1|         12|
    |c_0_reg_284        |   9|          2|    2|          4|
    |m_0_reg_226        |   9|          2|    5|         10|
    |mac_num_0_reg_272  |   9|          2|   32|         64|
    |mac_num_1_reg_307  |   9|          2|   32|         64|
    |n_0_reg_179        |   9|          2|    6|         12|
    |one_out_0_reg_260  |   9|          2|   32|         64|
    |one_out_1_reg_295  |   9|          2|   32|         64|
    |p_Val2_s_reg_214   |   9|          2|   32|         64|
    |phi_mul2_reg_249   |   9|          2|    9|         18|
    |phi_mul_reg_237    |   9|          2|    9|         18|
    |r_0_reg_319        |   9|          2|    2|          4|
    |x_0_reg_190        |   9|          2|    5|         10|
    |y_0_reg_202        |   9|          2|    5|         10|
    +-------------------+----+-----------+-----+-----------+
    |Total              | 170|         38|  204|        418|
    +-------------------+----+-----------+-----+-----------+

    * Register: 
    +-----------------------+----+----+-----+-----------+
    |          Name         | FF | LUT| Bits| Const Bits|
    +-----------------------+----+----+-----+-----------+
    |I_cast_reg_789         |   6|   0|   13|          7|
    |O_cast21_cast_reg_758  |   5|   0|   13|          8|
    |O_reg_752              |   5|   0|    5|          0|
    |add_ln16_reg_768       |   5|   0|    5|          0|
    |add_ln76_3_reg_843     |   9|   0|    9|          0|
    |add_ln76_4_reg_848     |   9|   0|    9|          0|
    |ap_CS_fsm              |  11|   0|   11|          0|
    |c_0_reg_284            |   2|   0|    2|          0|
    |c_reg_884              |   2|   0|    2|          0|
    |icmp_ln1494_reg_962    |   1|   0|    1|          0|
    |icmp_ln16_1_reg_899    |   1|   0|    1|          0|
    |icmp_ln16_reg_894      |   1|   0|    1|          0|
    |m_0_reg_226            |   5|   0|    5|          0|
    |m_reg_856              |   5|   0|    5|          0|
    |mac_num_0_reg_272      |  32|   0|   32|          0|
    |mac_num_1_reg_307      |  32|   0|   32|          0|
    |mac_num_2_reg_937      |  32|   0|   32|          0|
    |mul_ln68_reg_807       |   9|   0|    9|          0|
    |n_0_reg_179            |   6|   0|    6|          0|
    |n_reg_802              |   6|   0|    6|          0|
    |o_index_reg_838        |  13|   0|   13|          0|
    |one_out_0_reg_260      |  32|   0|   32|          0|
    |one_out_1_reg_295      |  32|   0|   32|          0|
    |or_ln16_reg_932        |   1|   0|    1|          0|
    |p_Val2_s_reg_214       |  32|   0|   32|          0|
    |phi_mul2_reg_249       |   9|   0|    9|          0|
    |phi_mul_reg_237        |   9|   0|    9|          0|
    |r_0_reg_319            |   2|   0|    2|          0|
    |r_reg_912              |   2|   0|    2|          0|
    |tmp31_reg_917          |   9|   0|    9|          0|
    |trunc_ln69_reg_774     |   6|   0|    6|          0|
    |w_conv1_load_reg_947   |   1|   0|    1|          0|
    |w_conv2_load_reg_952   |   1|   0|    1|          0|
    |x_0_reg_190            |   5|   0|    5|          0|
    |x_reg_820              |   5|   0|    5|          0|
    |y_0_reg_202            |   5|   0|    5|          0|
    |y_reg_833              |   5|   0|    5|          0|
    |zext_ln64_reg_794      |   6|   0|    9|          3|
    |zext_ln65_reg_812      |   5|   0|   13|          8|
    |zext_ln66_reg_825      |   5|   0|    9|          4|
    |zext_ln68_reg_763      |   5|   0|    9|          4|
    |zext_ln72_reg_876      |   2|   0|    5|          3|
    |zext_ln74_reg_889      |   5|   0|   13|          8|
    |zext_ln75_reg_779      |   6|   0|    9|          3|
    |zext_ln76_3_reg_861    |  13|   0|   14|          1|
    |zext_ln76_reg_784      |   7|   0|    9|          2|
    |zext_ln85_reg_866      |  13|   0|   64|         51|
    +-----------------------+----+----+-----+-----------+
    |Total                  | 420|   0|  522|        102|
    +-----------------------+----+----+-----+-----------+



================================================================
== Interface
================================================================
* Summary: 
+----------------------+-----+-----+------------+--------------+--------------+
|       RTL Ports      | Dir | Bits|  Protocol  | Source Object|    C Type    |
+----------------------+-----+-----+------------+--------------+--------------+
|ap_clk                |  in |    1| ap_ctrl_hs |     conv     | return value |
|ap_rst                |  in |    1| ap_ctrl_hs |     conv     | return value |
|ap_start              |  in |    1| ap_ctrl_hs |     conv     | return value |
|ap_done               | out |    1| ap_ctrl_hs |     conv     | return value |
|ap_idle               | out |    1| ap_ctrl_hs |     conv     | return value |
|ap_ready              | out |    1| ap_ctrl_hs |     conv     | return value |
|input_r_address0      | out |   13|  ap_memory |    input_r   |     array    |
|input_r_ce0           | out |    1|  ap_memory |    input_r   |     array    |
|input_r_q0            |  in |    1|  ap_memory |    input_r   |     array    |
|output_r_address0     | out |   13|  ap_memory |   output_r   |     array    |
|output_r_ce0          | out |    1|  ap_memory |   output_r   |     array    |
|output_r_we0          | out |    1|  ap_memory |   output_r   |     array    |
|output_r_d0           | out |    1|  ap_memory |   output_r   |     array    |
|threshold_V_address0  | out |   13|  ap_memory |  threshold_V |     array    |
|threshold_V_ce0       | out |    1|  ap_memory |  threshold_V |     array    |
|threshold_V_q0        |  in |    8|  ap_memory |  threshold_V |     array    |
|M                     |  in |    7|   ap_none  |       M      |    scalar    |
|N                     |  in |    7|   ap_none  |       N      |    scalar    |
|I                     |  in |    6|   ap_none  |       I      |    scalar    |
|L                     |  in |    1|   ap_none  |       L      |    scalar    |
+----------------------+-----+-----+------------+--------------+--------------+

