

================================================================
== Vivado HLS Report for 'reshape'
================================================================
* Date:           Thu Oct 20 15:43:23 2022

* Version:        2019.2.1 (Build 2724168 on Thu Dec 05 05:19:09 MST 2019)
* Project:        bnn.prj
* Solution:       solution1
* Product family: zynq
* Target device:  xc7z020-clg484-1


================================================================
== Performance Estimates
================================================================
+ Timing: 
    * Summary: 
    +--------+----------+----------+------------+
    |  Clock |  Target  | Estimated| Uncertainty|
    +--------+----------+----------+------------+
    |ap_clk  | 10.00 ns | 6.508 ns |   1.25 ns  |
    +--------+----------+----------+------------+

+ Latency: 
    * Summary: 
    +---------+---------+-----------+-----------+------+------+---------+
    |  Latency (cycles) |   Latency (absolute)  |   Interval  | Pipeline|
    |   min   |   max   |    min    |    max    |  min |  max |   Type  |
    +---------+---------+-----------+-----------+------+------+---------+
    |     1345|     1345| 13.450 us | 13.450 us |  1345|  1345|   none  |
    +---------+---------+-----------+-----------+------+------+---------+

    + Detail: 
        * Instance: 
        N/A

        * Loop: 
        +-----------------+---------+---------+----------+-----------+-----------+------+----------+
        |                 |  Latency (cycles) | Iteration|  Initiation Interval  | Trip |          |
        |    Loop Name    |   min   |   max   |  Latency |  achieved |   target  | Count| Pipelined|
        +-----------------+---------+---------+----------+-----------+-----------+------+----------+
        |- Loop 1         |     1344|     1344|        42|          -|          -|    32|    no    |
        | + Loop 1.1      |       40|       40|        10|          -|          -|     4|    no    |
        |  ++ Loop 1.1.1  |        8|        8|         2|          -|          -|     4|    no    |
        +-----------------+---------+---------+----------+-----------+-----------+------+----------+



================================================================
== Utilization Estimates
================================================================
* Summary: 
+-----------------+---------+-------+--------+-------+-----+
|       Name      | BRAM_18K| DSP48E|   FF   |  LUT  | URAM|
+-----------------+---------+-------+--------+-------+-----+
|DSP              |        -|      -|       -|      -|    -|
|Expression       |        -|      -|       0|    111|    -|
|FIFO             |        -|      -|       -|      -|    -|
|Instance         |        -|      -|       -|      -|    -|
|Memory           |        -|      -|       -|      -|    -|
|Multiplexer      |        -|      -|       -|     60|    -|
|Register         |        -|      -|      48|      -|    -|
+-----------------+---------+-------+--------+-------+-----+
|Total            |        0|      0|      48|    171|    0|
+-----------------+---------+-------+--------+-------+-----+
|Available        |      280|    220|  106400|  53200|    0|
+-----------------+---------+-------+--------+-------+-----+
|Utilization (%)  |        0|      0|   ~0   |   ~0  |    0|
+-----------------+---------+-------+--------+-------+-----+

+ Detail: 
    * Instance: 
    N/A

    * DSP48E: 
    N/A

    * Memory: 
    N/A

    * FIFO: 
    N/A

    * Expression: 
    +----------------------+----------+-------+---+----+------------+------------+
    |     Variable Name    | Operation| DSP48E| FF| LUT| Bitwidth P0| Bitwidth P1|
    +----------------------+----------+-------+---+----+------------+------------+
    |add_ln133_fu_157_p2   |     +    |      0|  0|  13|           4|           4|
    |c_fu_107_p2           |     +    |      0|  0|  15|           6|           1|
    |i_index_fu_189_p2     |     +    |      0|  0|  15|           9|           9|
    |o_index_fu_170_p2     |     +    |      0|  0|  15|           9|           9|
    |x_fu_147_p2           |     +    |      0|  0|  12|           3|           1|
    |y_fu_119_p2           |     +    |      0|  0|  12|           3|           1|
    |icmp_ln130_fu_101_p2  |   icmp   |      0|  0|  11|           6|           7|
    |icmp_ln131_fu_113_p2  |   icmp   |      0|  0|   9|           3|           4|
    |icmp_ln132_fu_141_p2  |   icmp   |      0|  0|   9|           3|           4|
    +----------------------+----------+-------+---+----+------------+------------+
    |Total                 |          |      0|  0| 111|          46|          40|
    +----------------------+----------+-------+---+----+------------+------------+

    * Multiplexer: 
    +------------+----+-----------+-----+-----------+
    |    Name    | LUT| Input Size| Bits| Total Bits|
    +------------+----+-----------+-----+-----------+
    |ap_NS_fsm   |  33|          6|    1|          6|
    |c_0_reg_63  |   9|          2|    6|         12|
    |x_0_reg_86  |   9|          2|    3|          6|
    |y_0_reg_75  |   9|          2|    3|          6|
    +------------+----+-----------+-----+-----------+
    |Total       |  60|         12|   13|         30|
    +------------+----+-----------+-----+-----------+

    * Register: 
    +--------------------+---+----+-----+-----------+
    |        Name        | FF| LUT| Bits| Const Bits|
    +--------------------+---+----+-----+-----------+
    |ap_CS_fsm           |  5|   0|    5|          0|
    |c_0_reg_63          |  6|   0|    6|          0|
    |c_reg_211           |  6|   0|    6|          0|
    |o_index_reg_242     |  9|   0|    9|          0|
    |shl_ln_reg_224      |  2|   0|    4|          2|
    |x_0_reg_86          |  3|   0|    3|          0|
    |x_reg_237           |  3|   0|    3|          0|
    |y_0_reg_75          |  3|   0|    3|          0|
    |y_reg_219           |  3|   0|    3|          0|
    |zext_ln130_reg_203  |  6|   0|    9|          3|
    |zext_ln133_reg_229  |  2|   0|    9|          7|
    +--------------------+---+----+-----+-----------+
    |Total               | 48|   0|   60|         12|
    +--------------------+---+----+-----+-----------+



================================================================
== Interface
================================================================
* Summary: 
+-------------------+-----+-----+------------+--------------+--------------+
|     RTL Ports     | Dir | Bits|  Protocol  | Source Object|    C Type    |
+-------------------+-----+-----+------------+--------------+--------------+
|ap_clk             |  in |    1| ap_ctrl_hs |    reshape   | return value |
|ap_rst             |  in |    1| ap_ctrl_hs |    reshape   | return value |
|ap_start           |  in |    1| ap_ctrl_hs |    reshape   | return value |
|ap_done            | out |    1| ap_ctrl_hs |    reshape   | return value |
|ap_idle            | out |    1| ap_ctrl_hs |    reshape   | return value |
|ap_ready           | out |    1| ap_ctrl_hs |    reshape   | return value |
|input_r_address0   | out |   13|  ap_memory |    input_r   |     array    |
|input_r_ce0        | out |    1|  ap_memory |    input_r   |     array    |
|input_r_q0         |  in |    1|  ap_memory |    input_r   |     array    |
|output_r_address0  | out |   13|  ap_memory |   output_r   |     array    |
|output_r_ce0       | out |    1|  ap_memory |   output_r   |     array    |
|output_r_we0       | out |    1|  ap_memory |   output_r   |     array    |
|output_r_d0        | out |    1|  ap_memory |   output_r   |     array    |
+-------------------+-----+-----+------------+--------------+--------------+

